<?xml version="1.0" encoding="UTF-8" ?>
<testsuite tests="6" failures="0" name="com.hml.service.UserServiceTest" time="1.201" errors="0" skipped="0">
  <properties>
    <property name="idea.version" value="2022.2"/>
    <property name="java.runtime.name" value="Java(TM) SE Runtime Environment"/>
    <property name="sun.boot.library.path" value="D:\Java\jdk\jre\bin"/>
    <property name="java.vm.version" value="25.281-b09"/>
    <property name="java.vm.vendor" value="Oracle Corporation"/>
    <property name="maven.multiModuleProjectDirectory" value="E:\companyWorks\springmvc_ssm-master\ssm_service"/>
    <property name="java.vendor.url" value="http://java.oracle.com/"/>
    <property name="path.separator" value=";"/>
    <property name="guice.disable.misplaced.annotation.check" value="true"/>
    <property name="java.vm.name" value="Java HotSpot(TM) 64-Bit Server VM"/>
    <property name="file.encoding.pkg" value="sun.io"/>
    <property name="user.script" value=""/>
    <property name="user.country" value="CN"/>
    <property name="sun.java.launcher" value="SUN_STANDARD"/>
    <property name="sun.os.patch.level" value=""/>
    <property name="java.vm.specification.name" value="Java Virtual Machine Specification"/>
    <property name="user.dir" value="E:\companyWorks\springmvc_ssm-master\ssm_service"/>
    <property name="java.runtime.version" value="1.8.0_281-b09"/>
    <property name="java.awt.graphicsenv" value="sun.awt.Win32GraphicsEnvironment"/>
    <property name="java.endorsed.dirs" value="D:\Java\jdk\jre\lib\endorsed"/>
    <property name="os.arch" value="amd64"/>
    <property name="java.io.tmpdir" value="C:\Users\hml\AppData\Local\Temp\"/>
    <property name="line.separator" value="
"/>
    <property name="java.vm.specification.vendor" value="Oracle Corporation"/>
    <property name="user.variant" value=""/>
    <property name="os.name" value="Windows 10"/>
    <property name="maven.ext.class.path" value="D:\software\IntelliJ IDEA 2022.2\plugins\maven\lib\maven-event-listener.jar"/>
    <property name="archetypeCatalog" value="local"/>
    <property name="classworlds.conf" value="D:\Devlop\Maven\apache-maven-3.8.6\bin\m2.conf"/>
    <property name="sun.jnu.encoding" value="GBK"/>
    <property name="java.library.path" value="D:\Java\jdk\bin;C:\Windows\Sun\Java\bin;C:\Windows\system32;C:\Windows;D:\software\VMware\bin\;C:\Program Files (x86)\Common Files\Oracle\Java\javapath;C:\Windows\system32;C:\Windows;C:\Windows\System32\Wbem;C:\Windows\System32\WindowsPowerShell\v1.0\;C:\Windows\System32\OpenSSH\;D:\java\jdk\bin;node_global;D:\Devlop\nvm;D:\Devlop\nvm_symlink;D:\Devlop\Redis\;D:\Devlop\MySQL Server 5.7\bin;D:\software\Sublime Text;D:\Devlop\Git\cmd;D:\Devlop\Maven\apache-maven-3.8.6\bin;D:\Devlop\Nodejs\node_global\node_modules\yarn\bin;D:\software\TortoiseGit\bin;D:\Devlop\gradle-7.5\bin;D:\Devlop\apache-tomcat-9.0.65\bin;D:\Devlop\Mongodb\bin;D:\software\erl9.2\bin;D:\Devlop\Rabbitmq\rabbitmq_server-3.7.4\sbin;C:\Program Files\Pandoc\;D:\Devlop\Nodejs\node_global;C:\Users\hml\AppData\Local\Microsoft\WindowsApps;D:\software\Microsoft VS Code\bin;D:\software\IntelliJ IDEA 2022.2\bin;;node_global;D:\Devlop\nvm;D:\Devlop\nvm_symlink;D:\software\WebStorm 2022.2\bin;;."/>
    <property name="maven.conf" value="D:\Devlop\Maven\apache-maven-3.8.6/conf"/>
    <property name="java.specification.name" value="Java Platform API Specification"/>
    <property name="java.class.version" value="52.0"/>
    <property name="sun.management.compiler" value="HotSpot 64-Bit Tiered Compilers"/>
    <property name="maven.repo.local" value="D:\Devlop\Maven\Repository"/>
    <property name="os.version" value="10.0"/>
    <property name="user.home" value="C:\Users\hml"/>
    <property name="user.timezone" value="Asia/Shanghai"/>
    <property name="java.awt.printerjob" value="sun.awt.windows.WPrinterJob"/>
    <property name="java.specification.version" value="1.8"/>
    <property name="file.encoding" value="UTF-8"/>
    <property name="user.name" value="hml"/>
    <property name="java.class.path" value="D:\Devlop\Maven\apache-maven-3.8.6\boot\plexus-classworlds-2.6.0.jar;D:\Devlop\Maven\apache-maven-3.8.6\boot\plexus-classworlds.license;D:\software\IntelliJ IDEA 2022.2\lib\idea_rt.jar"/>
    <property name="java.vm.specification.version" value="1.8"/>
    <property name="sun.arch.data.model" value="64"/>
    <property name="java.home" value="D:\Java\jdk\jre"/>
    <property name="sun.java.command" value="org.codehaus.classworlds.Launcher -Didea.version=2022.2 -s D:\Devlop\Maven\apache-maven-3.8.6\conf\settings.xml -Dmaven.repo.local=D:\Devlop\Maven\Repository install"/>
    <property name="java.specification.vendor" value="Oracle Corporation"/>
    <property name="user.language" value="zh"/>
    <property name="awt.toolkit" value="sun.awt.windows.WToolkit"/>
    <property name="java.vm.info" value="mixed mode"/>
    <property name="java.version" value="1.8.0_281"/>
    <property name="java.ext.dirs" value="D:\Java\jdk\jre\lib\ext;C:\Windows\Sun\Java\lib\ext"/>
    <property name="sun.boot.class.path" value="D:\Java\jdk\jre\lib\resources.jar;D:\Java\jdk\jre\lib\rt.jar;D:\Java\jdk\jre\lib\sunrsasign.jar;D:\Java\jdk\jre\lib\jsse.jar;D:\Java\jdk\jre\lib\jce.jar;D:\Java\jdk\jre\lib\charsets.jar;D:\Java\jdk\jre\lib\jfr.jar;D:\Java\jdk\jre\classes"/>
    <property name="java.vendor" value="Oracle Corporation"/>
    <property name="maven.home" value="D:\Devlop\Maven\apache-maven-3.8.6"/>
    <property name="file.separator" value="\"/>
    <property name="java.vendor.url.bug" value="http://bugreport.sun.com/bugreport/"/>
    <property name="sun.cpu.endian" value="little"/>
    <property name="sun.io.unicode.encoding" value="UnicodeLittle"/>
    <property name="sun.desktop" value="windows"/>
    <property name="sun.cpu.isalist" value="amd64"/>
  </properties>
  <testcase classname="com.hml.service.UserServiceTest" name="testGet" time="1.148"/>
  <testcase classname="com.hml.service.UserServiceTest" name="testLogin" time="0.005"/>
  <testcase classname="com.hml.service.UserServiceTest" name="testSave" time="0.008"/>
  <testcase classname="com.hml.service.UserServiceTest" name="testDelete" time="0.003"/>
  <testcase classname="com.hml.service.UserServiceTest" name="testGetAll" time="0.033"/>
  <testcase classname="com.hml.service.UserServiceTest" name="testUpdate" time="0.004"/>
</testsuite>